*PADS-PCB*
*PART*
+24V   HOLE_SMD
3.3V   HOLE_SMD
485A   HOLE_SMD
485B   HOLE_SMD
AGND   HOLE_SMD
C1     C0603
C2     CT3528
C3     C0603
C4     C0603
C5     C0603
C6     C0603
C7     C0603
C8     C0603
C9     C0603
C10    C0603
C12    C0603
C13    C0603
C14    C0603
C15    C0603
CT1    RB0.1
D1     SMB
D4     ге╤я 3.8*3.5
D5     5050RGB
D6     5050RGB
D7     5050RGB
D8     5050RGB
D9     5050RGB
D10    5050RGB
D11    5050RGB
D12    5050RGB
F1     1206
F2     1206
GND    HOLE_SMD
L1     L-6X6
LED_CTLHOLE_SMD
P1     SIP3
Q3     SOT-23
Q4     SOT-23
Q5     SOT-23
R      HOLE_SMD
R1     2010
R2     R0603
R3     R0603
R4     R0603
R5     2010
R6     R0603
R7     R0603
R8     R0603
R9     R0603
R10    R0603
R11    R0603
R12    R0603
R13    R0603
R14    R0603
R15    R0603
R16    R0603
R17    0805
R18    0805
R19    R0603
R20    R0603
R21    R0603
R22    R0603
R25    0805
R26    R0603
R27    R0603
R30    R0603
R31    0805
R32    0805
R33    0805
R34    0805
R35    0805
R36    0805
R37    0805
R38    0805
R39    0805
R40    0805
R41    0805
R42    0805
R43    0805
R44    0805
R45    0805
R47    0805
R48    0805
R49    0805
R50    0805
R51    0805
R52    0805
T1     HSMA
T2     HSMA
U1     SO-1.27-9/4.0
U2     QFN-11
U3     SO-8
U4     SOT-23-5
U5     SO-1.27-8/4.0
V+     HOLE_SMD
V-     HOLE_SMD
*END*
