C51 COMPILER V9.52.0.0   UART                                                              11/17/2016 16:55:14 PAGE 1   


C51 COMPILER V9.52.0.0, COMPILATION OF MODULE UART
OBJECT MODULE PLACED IN ..\OUT\uart.obj
COMPILER INVOKED BY: C:\Program Files\kile\C51\BIN\C51.EXE ..\SRC\uart.c ROM(COMPACT) OPTIMIZE(8,SPEED) BROWSE INCDIR(..
                    -\INC) DEBUG OBJECTEXTEND PRINT(.\Listings\uart.lst) TABS(2) OBJECT(..\OUT\uart.obj)

line level    source

   1          #define UART_GLOBAL
   2          #include "include.h"
   3          
   4          ////////////////////////////////////////////////////////////////////////////////
   5          // 功能描述 : 串口0配置
   6          // 输入参数 : 
   7          // 返回参数 : 
   8          // 说明     : 8位数据，115200 
   9          ////////////////////////////////////////////////////////////////////////////////
  10          void UART_Init()
  11          {
  12   1         Timer1_Init();       // Timer1 自动重装模式2
  13   1         SCON0 |= 0x90;       // 9位数据
  14   1         ES0 = 1;             // Uart0 interrupt Enable
  15   1         PS0 = 1;             // Uart0 interrupt set to high priority level     
  16   1      }
  17          ////////////////////////////////////////////////////////////////////////////////
  18          // 功能描述 : 串口中断入口
  19          // 输入参数 : 
  20          // 返回参数 : 
  21          // 说明     : 
  22          ////////////////////////////////////////////////////////////////////////////////
  23          void interrupt_UART0(void) interrupt 4
  24          {
  25   1      
  26   1         if (RI0)
  27   1         {
  28   2            RI0 = 0;
  29   2            if ( (uart.rIndex < UART_BUF_LEN)&&(uart.rFlag == OFF) )
  30   2            {
  31   3               uart.rBuffer[uart.rIndex++] = SBUF0;   
  32   3               uart.rTimer = RCV_OVER_TIMER;
  33   3            }
  34   2         }
  35   1      
  36   1      }
  37          ////////////////////////////////////////////////////////////////////////////////
  38          // 功能描述 : 串口0发送一个字节数据
  39          // 输入参数 : 
  40          // 返回参数 : 
  41          // 说明     :  
  42          ////////////////////////////////////////////////////////////////////////////////
  43          void Usart1_SendByte(UINT8 byte)
  44          {
  45   1          
  46   1          //while(TI);
  47   1          SBUF0 = byte;           
  48   1          while(!TI0);
  49   1          TI0 = 0;             
  50   1      }


MODULE INFORMATION:   STATIC OVERLAYABLE
   CODE SIZE        =     66    ----
C51 COMPILER V9.52.0.0   UART                                                              11/17/2016 16:55:14 PAGE 2   

   CONSTANT SIZE    =   ----    ----
   XDATA SIZE       =   ----    ----
   PDATA SIZE       =   ----    ----
   DATA SIZE        =   ----    ----
   IDATA SIZE       =     84    ----
   BIT SIZE         =   ----    ----
END OF MODULE INFORMATION.


C51 COMPILATION COMPLETE.  0 WARNING(S),  0 ERROR(S)
